# Logfile created on Mon Sep 27 11:20:29 +0100 2010

Processing HomeController#index (for 127.0.0.1 at 2010-09-27 16:51:46) [GET]
Rendering template within layouts/application
Rendering home/index
Rendered layouts/_main_menu (0.4ms)
Rendered layouts/_main_menu (0.1ms)
Completed in 5ms (View: 3, DB: 0) | 200 OK [http://www.example.com/]


Processing HomeController#index (for 127.0.0.1 at 2010-09-27 16:51:46) [GET]
Rendering template within layouts/application
Rendering home/index
Rendered layouts/_main_menu (0.1ms)
Rendered layouts/_main_menu (0.1ms)
Completed in 1ms (View: 1, DB: 0) | 200 OK [http://www.example.com/]


Processing HomeController#index (for 127.0.0.1 at 2010-09-27 17:05:45) [GET]
Rendering template within layouts/application
Rendering home/index
Rendered layouts/_main_menu (0.4ms)
Rendered layouts/_main_menu (0.1ms)
Completed in 5ms (View: 3, DB: 0) | 200 OK [http://www.example.com/]


Processing HomeController#index (for 127.0.0.1 at 2010-09-27 17:05:45) [GET]
Rendering template within layouts/application
Rendering home/index
Rendered layouts/_main_menu (0.1ms)
Rendered layouts/_main_menu (0.1ms)
Completed in 1ms (View: 1, DB: 0) | 200 OK [http://www.example.com/]


Processing HomeController#index (for 127.0.0.1 at 2010-09-27 17:06:00) [GET]
Rendering template within layouts/application
Rendering home/index
Rendered layouts/_main_menu (0.4ms)
Rendered layouts/_main_menu (0.1ms)
Completed in 5ms (View: 3, DB: 0) | 200 OK [http://www.example.com/]


Processing HomeController#index (for 127.0.0.1 at 2010-09-27 17:06:00) [GET]
Rendering template within layouts/application
Rendering home/index
Rendered layouts/_main_menu (0.1ms)
Rendered layouts/_main_menu (0.1ms)
Completed in 1ms (View: 1, DB: 0) | 200 OK [http://www.example.com/]


Processing HomeController#index (for 127.0.0.1 at 2010-09-27 17:08:17) [GET]
Rendering template within layouts/application
Rendering home/index
Rendered layouts/_main_menu (0.4ms)
Rendered layouts/_main_menu (0.1ms)
Completed in 5ms (View: 3, DB: 0) | 200 OK [http://www.example.com/]


Processing HomeController#index (for 127.0.0.1 at 2010-09-27 17:08:17) [GET]
Rendering template within layouts/application
Rendering home/index
Rendered layouts/_main_menu (0.1ms)
Rendered layouts/_main_menu (0.1ms)
Completed in 1ms (View: 1, DB: 0) | 200 OK [http://www.example.com/]


Processing HomeController#index (for 127.0.0.1 at 2010-09-27 17:11:21) [GET]
Rendering template within layouts/application
Rendering home/index
ERROR: compiling _run_erb_app47views47layouts47_main_menu46html46erb_locals_main_menu_nav_id_object RAISED compile error
/Users/borja_old/Documents/UnboxedConsulting/apps/extra_special_trust/app/views/layouts/_main_menu.html.erb:3: unknown regexp option - l
/Users/borja_old/Documents/UnboxedConsulting/apps/extra_special_trust/app/views/layouts/_main_menu.html.erb:3: unterminated string meets end of file
/Users/borja_old/Documents/UnboxedConsulting/apps/extra_special_trust/app/views/layouts/_main_menu.html.erb:3: syntax error, unexpected $end, expecting ')'
Function body:           def _run_erb_app47views47layouts47_main_menu46html46erb_locals_main_menu_nav_id_object(local_assigns)
            old_output_buffer = output_buffer;nav_id = local_assigns[:nav_id];object = local_assigns[:object];main_menu = local_assigns[:main_menu];;@output_buffer = '';  __in_erb_template=true ; @output_buffer.concat "<ul class=\""; @output_buffer.concat(( nav_bar %">
  <li><%= link_to 'home', root_path ).to_s); @output_buffer.concat "</li>\n"
@output_buffer.concat "</ul>"; @output_buffer
          ensure
            self.output_buffer = old_output_buffer
          end
Backtrace: /Users/borja_old/Documents/UnboxedConsulting/apps/extra_special_trust/app/views/layouts/_main_menu.html.erb:3:in `compile!'
/Users/borja_old/Documents/UnboxedConsulting/apps/extra_special_trust/vendor/rails/actionpack/lib/action_view/renderable.rb:61:in `compile'
/Users/borja_old/Documents/UnboxedConsulting/apps/extra_special_trust/vendor/rails/actionpack/lib/action_view/renderable.rb:28:in `render_without_template_tracking'
/Users/borja_old/Documents/UnboxedConsulting/apps/extra_special_trust/vendor/rails/actionpack/lib/action_view/test_case.rb:20:in `render'
/Users/borja_old/Documents/UnboxedConsulting/apps/extra_special_trust/vendor/rails/actionpack/lib/action_view/renderable_partial.rb:20:in `render'
/Users/borja_old/Documents/UnboxedConsulting/apps/extra_special_trust/vendor/rails/actionpack/lib/action_controller/benchmarking.rb:26:in `benchmark'
/Users/borja_old/Documents/UnboxedConsulting/apps/extra_special_trust/vendor/rails/activesupport/lib/active_support/core_ext/benchmark.rb:17:in `ms'
/Users/borja_old/Documents/UnboxedConsulting/apps/extra_special_trust/vendor/rails/activesupport/lib/active_support/core_ext/benchmark.rb:10:in `realtime'
/Users/borja_old/Documents/UnboxedConsulting/apps/extra_special_trust/vendor/rails/activesupport/lib/active_support/core_ext/benchmark.rb:17:in `ms'
/Users/borja_old/Documents/UnboxedConsulting/apps/extra_special_trust/vendor/rails/actionpack/lib/action_controller/benchmarking.rb:26:in `benchmark'
/Users/borja_old/Documents/UnboxedConsulting/apps/extra_special_trust/vendor/rails/actionpack/lib/action_view/renderable_partial.rb:19:in `render'
/Users/borja_old/Documents/UnboxedConsulting/apps/extra_special_trust/vendor/rails/actionpack/lib/action_view/template.rb:205:in `render_template'
/Users/borja_old/Documents/UnboxedConsulting/apps/extra_special_trust/vendor/rails/actionpack/lib/action_view/renderable_partial.rb:44:in `render_partial'
/Users/borja_old/Documents/UnboxedConsulting/apps/extra_special_trust/vendor/rails/actionpack/lib/action_view/partials.rb:184:in `render_partial'
/Users/borja_old/Documents/UnboxedConsulting/apps/extra_special_trust/vendor/rails/actionpack/lib/action_view/base.rb:267:in `render'
/Users/borja_old/Documents/UnboxedConsulting/apps/extra_special_trust/app/views/layouts/application.html.erb:16:in `_run_erb_app47views47layouts47application46html46erb'
/Users/borja_old/Documents/UnboxedConsulting/apps/extra_special_trust/vendor/rails/actionpack/lib/action_view/renderable.rb:34:in `send'
/Users/borja_old/Documents/UnboxedConsulting/apps/extra_special_trust/vendor/rails/actionpack/lib/action_view/renderable.rb:34:in `render_without_template_tracking'
/Users/borja_old/Documents/UnboxedConsulting/apps/extra_special_trust/vendor/rails/actionpack/lib/action_view/base.rb:306:in `with_template'
/Users/borja_old/Documents/UnboxedConsulting/apps/extra_special_trust/vendor/rails/actionpack/lib/action_view/renderable.rb:30:in `render_without_template_tracking'
/Users/borja_old/Documents/UnboxedConsulting/apps/extra_special_trust/vendor/rails/actionpack/lib/action_view/test_case.rb:20:in `render'
/Users/borja_old/Documents/UnboxedConsulting/apps/extra_special_trust/vendor/rails/actionpack/lib/action_view/template.rb:205:in `render_template'
/Users/borja_old/Documents/UnboxedConsulting/apps/extra_special_trust/vendor/rails/actionpack/lib/action_view/base.rb:265:in `render'
/Users/borja_old/Documents/UnboxedConsulting/apps/extra_special_trust/vendor/rails/actionpack/lib/action_view/base.rb:352:in `_render_with_layout'
/Users/borja_old/Documents/UnboxedConsulting/apps/extra_special_trust/vendor/rails/actionpack/lib/action_view/base.rb:262:in `render'
/Users/borja_old/Documents/UnboxedConsulting/apps/extra_special_trust/vendor/rails/actionpack/lib/action_controller/base.rb:1250:in `render_for_file'
/Users/borja_old/Documents/UnboxedConsulting/apps/extra_special_trust/vendor/rails/actionpack/lib/action_controller/base.rb:936:in `render_without_benchmark'
/Users/borja_old/Documents/UnboxedConsulting/apps/extra_special_trust/vendor/rails/actionpack/lib/action_controller/benchmarking.rb:51:in `render'
/Users/borja_old/Documents/UnboxedConsulting/apps/extra_special_trust/vendor/rails/activesupport/lib/active_support/core_ext/benchmark.rb:17:in `ms'
/Users/borja_old/Documents/UnboxedConsulting/apps/extra_special_trust/vendor/rails/activesupport/lib/active_support/core_ext/benchmark.rb:10:in `realtime'
/Users/borja_old/Documents/UnboxedConsulting/apps/extra_special_trust/vendor/rails/activesupport/lib/active_support/core_ext/benchmark.rb:17:in `ms'
/Users/borja_old/Documents/UnboxedConsulting/apps/extra_special_trust/vendor/rails/actionpack/lib/action_controller/benchmarking.rb:51:in `render'
/Users/borja_old/Documents/UnboxedConsulting/apps/extra_special_trust/vendor/rails/actionpack/lib/action_controller/base.rb:1326:in `default_render'
/Users/borja_old/Documents/UnboxedConsulting/apps/extra_special_trust/vendor/rails/actionpack/lib/action_controller/base.rb:1332:in `perform_action_without_filters'
/Users/borja_old/Documents/UnboxedConsulting/apps/extra_special_trust/vendor/rails/actionpack/lib/action_controller/filters.rb:617:in `call_filters'
/Users/borja_old/Documents/UnboxedConsulting/apps/extra_special_trust/vendor/rails/actionpack/lib/action_controller/filters.rb:610:in `perform_action_without_benchmark'
/Users/borja_old/Documents/UnboxedConsulting/apps/extra_special_trust/vendor/rails/actionpack/lib/action_controller/benchmarking.rb:68:in `perform_action_without_rescue'
/Users/borja_old/Documents/UnboxedConsulting/apps/extra_special_trust/vendor/rails/activesupport/lib/active_support/core_ext/benchmark.rb:17:in `ms'
/Users/borja_old/Documents/UnboxedConsulting/apps/extra_special_trust/vendor/rails/activesupport/lib/active_support/core_ext/benchmark.rb:10:in `realtime'
/Users/borja_old/Documents/UnboxedConsulting/apps/extra_special_trust/vendor/rails/activesupport/lib/active_support/core_ext/benchmark.rb:17:in `ms'
/Users/borja_old/Documents/UnboxedConsulting/apps/extra_special_trust/vendor/rails/actionpack/lib/action_controller/benchmarking.rb:68:in `perform_action_without_rescue'
/Users/borja_old/Documents/UnboxedConsulting/apps/extra_special_trust/vendor/rails/actionpack/lib/action_controller/rescue.rb:160:in `perform_action_without_flash'
/Users/borja_old/Documents/UnboxedConsulting/apps/extra_special_trust/vendor/rails/actionpack/lib/action_controller/flash.rb:151:in `perform_action'
/Users/borja_old/Documents/UnboxedConsulting/apps/extra_special_trust/vendor/rails/actionpack/lib/action_controller/base.rb:532:in `send'
/Users/borja_old/Documents/UnboxedConsulting/apps/extra_special_trust/vendor/rails/actionpack/lib/action_controller/base.rb:532:in `process_without_filters'
/Users/borja_old/Documents/UnboxedConsulting/apps/extra_special_trust/vendor/rails/actionpack/lib/action_controller/filters.rb:606:in `process'
/Users/borja_old/Documents/UnboxedConsulting/apps/extra_special_trust/vendor/rails/actionpack/lib/action_controller/base.rb:391:in `process'
/Users/borja_old/Documents/UnboxedConsulting/apps/extra_special_trust/vendor/rails/actionpack/lib/action_controller/base.rb:386:in `call'
/Users/borja_old/Documents/UnboxedConsulting/apps/extra_special_trust/vendor/rails/actionpack/lib/action_controller/routing/route_set.rb:438:in `call'
/Users/borja_old/Documents/UnboxedConsulting/apps/extra_special_trust/vendor/rails/actionpack/lib/action_controller/dispatcher.rb:87:in `dispatch'
/Users/borja_old/Documents/UnboxedConsulting/apps/extra_special_trust/vendor/rails/actionpack/lib/action_controller/dispatcher.rb:121:in `_call'
/Users/borja_old/Documents/UnboxedConsulting/apps/extra_special_trust/vendor/rails/actionpack/lib/action_controller/dispatcher.rb:130:in `build_middleware_stack'
/Users/borja_old/Documents/UnboxedConsulting/apps/extra_special_trust/vendor/rails/activerecord/lib/active_record/query_cache.rb:29:in `call'
/Users/borja_old/Documents/UnboxedConsulting/apps/extra_special_trust/vendor/rails/activerecord/lib/active_record/query_cache.rb:29:in `call'
/Users/borja_old/Documents/UnboxedConsulting/apps/extra_special_trust/vendor/rails/activerecord/lib/active_record/connection_adapters/abstract/query_cache.rb:34:in `cache'
/Users/borja_old/Documents/UnboxedConsulting/apps/extra_special_trust/vendor/rails/activerecord/lib/active_record/query_cache.rb:9:in `cache'
/Users/borja_old/Documents/UnboxedConsulting/apps/extra_special_trust/vendor/rails/activerecord/lib/active_record/query_cache.rb:28:in `call'
/Users/borja_old/Documents/UnboxedConsulting/apps/extra_special_trust/vendor/rails/activerecord/lib/active_record/connection_adapters/abstract/connection_pool.rb:361:in `call'
/Users/borja_old/Documents/UnboxedConsulting/apps/extra_special_trust/vendor/rails/actionpack/lib/action_controller/string_coercion.rb:25:in `call'
/Users/borja_old/Documents/UnboxedConsulting/apps/extra_special_trust/vendor/gems/rack-1.1.0/lib/rack/head.rb:9:in `call'
/Users/borja_old/Documents/UnboxedConsulting/apps/extra_special_trust/vendor/gems/rack-1.1.0/lib/rack/methodoverride.rb:24:in `call'
/Users/borja_old/Documents/UnboxedConsulting/apps/extra_special_trust/vendor/rails/actionpack/lib/action_controller/params_parser.rb:15:in `call'
/Users/borja_old/Documents/UnboxedConsulting/apps/extra_special_trust/vendor/rails/actionpack/lib/action_controller/session/cookie_store.rb:99:in `call'
/Users/borja_old/Documents/UnboxedConsulting/apps/extra_special_trust/vendor/rails/actionpack/lib/action_controller/failsafe.rb:26:in `call'
/Users/borja_old/Documents/UnboxedConsulting/apps/extra_special_trust/vendor/gems/rack-1.1.0/lib/rack/lock.rb:11:in `call'
/Users/borja_old/Documents/UnboxedConsulting/apps/extra_special_trust/vendor/gems/rack-1.1.0/lib/rack/lock.rb:11:in `synchronize'
/Users/borja_old/Documents/UnboxedConsulting/apps/extra_special_trust/vendor/gems/rack-1.1.0/lib/rack/lock.rb:11:in `call'
/Users/borja_old/Documents/UnboxedConsulting/apps/extra_special_trust/vendor/rails/actionpack/lib/action_controller/dispatcher.rb:106:in `call'
/Users/borja_old/Documents/UnboxedConsulting/apps/extra_special_trust/vendor/rails/railties/lib/rails/rack/static.rb:31:in `call'
/Users/borja_old/Documents/UnboxedConsulting/apps/extra_special_trust/vendor/gems/rack-1.1.0/lib/rack/urlmap.rb:47:in `call'
/Users/borja_old/Documents/UnboxedConsulting/apps/extra_special_trust/vendor/gems/rack-1.1.0/lib/rack/urlmap.rb:41:in `each'
/Users/borja_old/Documents/UnboxedConsulting/apps/extra_special_trust/vendor/gems/rack-1.1.0/lib/rack/urlmap.rb:41:in `call'
/Users/borja_old/.rvm/gems/ruby-1.8.6-p399/gems/rack-test-0.5.6/lib/rack/mock_session.rb:30:in `request'
/Users/borja_old/.rvm/gems/ruby-1.8.6-p399/gems/rack-test-0.5.6/lib/rack/test.rb:209:in `process_request'
/Users/borja_old/.rvm/gems/ruby-1.8.6-p399/gems/rack-test-0.5.6/lib/rack/test.rb:57:in `get'
(__FORWARDABLE__):3:in `__send__'
(__FORWARDABLE__):3:in `get'
/Users/borja_old/Documents/UnboxedConsulting/apps/extra_special_trust/vendor/gems/capybara-0.3.9/lib/capybara/driver/rack_test_driver.rb:242:in `get'
/Users/borja_old/Documents/UnboxedConsulting/apps/extra_special_trust/vendor/gems/capybara-0.3.9/lib/capybara/driver/rack_test_driver.rb:203:in `send'
/Users/borja_old/Documents/UnboxedConsulting/apps/extra_special_trust/vendor/gems/capybara-0.3.9/lib/capybara/driver/rack_test_driver.rb:203:in `process'
/Users/borja_old/Documents/UnboxedConsulting/apps/extra_special_trust/vendor/gems/capybara-0.3.9/lib/capybara/driver/rack_test_driver.rb:198:in `visit'
(__FORWARDABLE__):3:in `__send__'
(__FORWARDABLE__):3:in `visit'
/Users/borja_old/Documents/UnboxedConsulting/apps/extra_special_trust/vendor/gems/capybara-0.3.9/lib/capybara/dsl.rb:55:in `visit'
/Users/borja_old/Documents/UnboxedConsulting/apps/extra_special_trust/features/step_definitions/web_steps.rb:24:in `__instance_exec0'
/Users/borja_old/Documents/UnboxedConsulting/apps/extra_special_trust/vendor/gems/cucumber-0.9.0/bin/../lib/cucumber/core_ext/instance_exec.rb:26:in `send'
/Users/borja_old/Documents/UnboxedConsulting/apps/extra_special_trust/vendor/gems/cucumber-0.9.0/bin/../lib/cucumber/core_ext/instance_exec.rb:26:in `instance_exec'
/Users/borja_old/Documents/UnboxedConsulting/apps/extra_special_trust/vendor/gems/cucumber-0.9.0/bin/../lib/cucumber/core_ext/instance_exec.rb:48:in `cucumber_instance_exec'
/Users/borja_old/Documents/UnboxedConsulting/apps/extra_special_trust/vendor/gems/cucumber-0.9.0/bin/../lib/cucumber/core_ext/instance_exec.rb:69:in `cucumber_run_with_backtrace_filtering'
/Users/borja_old/Documents/UnboxedConsulting/apps/extra_special_trust/vendor/gems/cucumber-0.9.0/bin/../lib/cucumber/core_ext/instance_exec.rb:36:in `cucumber_instance_exec'
/Users/borja_old/Documents/UnboxedConsulting/apps/extra_special_trust/vendor/gems/cucumber-0.9.0/bin/../lib/cucumber/rb_support/rb_step_definition.rb:54:in `invoke'
/Users/borja_old/Documents/UnboxedConsulting/apps/extra_special_trust/vendor/gems/cucumber-0.9.0/bin/../lib/cucumber/step_match.rb:26:in `invoke'
/Users/borja_old/Documents/UnboxedConsulting/apps/extra_special_trust/vendor/gems/cucumber-0.9.0/bin/../lib/cucumber/ast/step_invocation.rb:63:in `invoke'
/Users/borja_old/Documents/UnboxedConsulting/apps/extra_special_trust/vendor/gems/cucumber-0.9.0/bin/../lib/cucumber/ast/step_invocation.rb:42:in `accept'
/Users/borja_old/Documents/UnboxedConsulting/apps/extra_special_trust/vendor/gems/cucumber-0.9.0/bin/../lib/cucumber/ast/tree_walker.rb:99:in `visit_step'
/Users/borja_old/Documents/UnboxedConsulting/apps/extra_special_trust/vendor/gems/cucumber-0.9.0/bin/../lib/cucumber/ast/tree_walker.rb:164:in `broadcast'
/Users/borja_old/Documents/UnboxedConsulting/apps/extra_special_trust/vendor/gems/cucumber-0.9.0/bin/../lib/cucumber/ast/tree_walker.rb:98:in `visit_step'
/Users/borja_old/Documents/UnboxedConsulting/apps/extra_special_trust/vendor/gems/cucumber-0.9.0/bin/../lib/cucumber/ast/step_collection.rb:15:in `accept'
/Users/borja_old/Documents/UnboxedConsulting/apps/extra_special_trust/vendor/gems/cucumber-0.9.0/bin/../lib/cucumber/ast/step_collection.rb:14:in `each'
/Users/borja_old/Documents/UnboxedConsulting/apps/extra_special_trust/vendor/gems/cucumber-0.9.0/bin/../lib/cucumber/ast/step_collection.rb:14:in `accept'
/Users/borja_old/Documents/UnboxedConsulting/apps/extra_special_trust/vendor/gems/cucumber-0.9.0/bin/../lib/cucumber/ast/tree_walker.rb:93:in `visit_steps'
/Users/borja_old/Documents/UnboxedConsulting/apps/extra_special_trust/vendor/gems/cucumber-0.9.0/bin/../lib/cucumber/ast/tree_walker.rb:164:in `broadcast'
/Users/borja_old/Documents/UnboxedConsulting/apps/extra_special_trust/vendor/gems/cucumber-0.9.0/bin/../lib/cucumber/ast/tree_walker.rb:92:in `visit_steps'
/Users/borja_old/Documents/UnboxedConsulting/apps/extra_special_trust/vendor/gems/cucumber-0.9.0/bin/../lib/cucumber/ast/scenario.rb:53:in `accept'
/Users/borja_old/Documents/UnboxedConsulting/apps/extra_special_trust/vendor/gems/cucumber-0.9.0/bin/../lib/cucumber/runtime.rb:126:in `with_hooks'
/Users/borja_old/Documents/UnboxedConsulting/apps/extra_special_trust/vendor/gems/cucumber-0.9.0/bin/../lib/cucumber/runtime.rb:142:in `before_and_after'
/Users/borja_old/Documents/UnboxedConsulting/apps/extra_special_trust/vendor/gems/cucumber-0.9.0/bin/../lib/cucumber/runtime.rb:125:in `with_hooks'
/Users/borja_old/Documents/UnboxedConsulting/apps/extra_special_trust/vendor/gems/cucumber-0.9.0/bin/../lib/cucumber/runtime/support_code.rb:93:in `call'
/Users/borja_old/Documents/UnboxedConsulting/apps/extra_special_trust/vendor/gems/cucumber-0.9.0/bin/../lib/cucumber/runtime/support_code.rb:93:in `around'
/Users/borja_old/Documents/UnboxedConsulting/apps/extra_special_trust/vendor/gems/cucumber-0.9.0/bin/../lib/cucumber/language_support/language_methods.rb:13:in `around'
/Users/borja_old/Documents/UnboxedConsulting/apps/extra_special_trust/vendor/gems/cucumber-0.9.0/bin/../lib/cucumber/language_support/language_methods.rb:95:in `call'
/Users/borja_old/Documents/UnboxedConsulting/apps/extra_special_trust/vendor/gems/cucumber-0.9.0/bin/../lib/cucumber/language_support/language_methods.rb:95:in `execute_around'
/Users/borja_old/Documents/UnboxedConsulting/apps/extra_special_trust/vendor/gems/cucumber-0.9.0/bin/../lib/cucumber/language_support/language_methods.rb:12:in `around'
/Users/borja_old/Documents/UnboxedConsulting/apps/extra_special_trust/vendor/gems/cucumber-0.9.0/bin/../lib/cucumber/runtime/support_code.rb:92:in `around'
/Users/borja_old/Documents/UnboxedConsulting/apps/extra_special_trust/vendor/gems/cucumber-0.9.0/bin/../lib/cucumber/runtime/support_code.rb:90:in `call'
/Users/borja_old/Documents/UnboxedConsulting/apps/extra_special_trust/vendor/gems/cucumber-0.9.0/bin/../lib/cucumber/runtime/support_code.rb:90:in `around'
/Users/borja_old/Documents/UnboxedConsulting/apps/extra_special_trust/vendor/gems/cucumber-0.9.0/bin/../lib/cucumber/runtime.rb:137:in `around'
/Users/borja_old/Documents/UnboxedConsulting/apps/extra_special_trust/vendor/gems/cucumber-0.9.0/bin/../lib/cucumber/runtime.rb:124:in `with_hooks'
/Users/borja_old/Documents/UnboxedConsulting/apps/extra_special_trust/vendor/gems/cucumber-0.9.0/bin/../lib/cucumber/ast/scenario.rb:51:in `accept'
/Users/borja_old/Documents/UnboxedConsulting/apps/extra_special_trust/vendor/gems/cucumber-0.9.0/bin/../lib/cucumber/ast/scenario.rb:106:in `with_visitor'
/Users/borja_old/Documents/UnboxedConsulting/apps/extra_special_trust/vendor/gems/cucumber-0.9.0/bin/../lib/cucumber/ast/scenario.rb:45:in `accept'
/Users/borja_old/Documents/UnboxedConsulting/apps/extra_special_trust/vendor/gems/cucumber-0.9.0/bin/../lib/cucumber/ast/tree_walker.rb:51:in `visit_feature_element'
/Users/borja_old/Documents/UnboxedConsulting/apps/extra_special_trust/vendor/gems/cucumber-0.9.0/bin/../lib/cucumber/ast/tree_walker.rb:164:in `broadcast'
/Users/borja_old/Documents/UnboxedConsulting/apps/extra_special_trust/vendor/gems/cucumber-0.9.0/bin/../lib/cucumber/ast/tree_walker.rb:50:in `visit_feature_element'
/Users/borja_old/Documents/UnboxedConsulting/apps/extra_special_trust/vendor/gems/cucumber-0.9.0/bin/../lib/cucumber/ast/feature.rb:35:in `accept'
/Users/borja_old/Documents/UnboxedConsulting/apps/extra_special_trust/vendor/gems/cucumber-0.9.0/bin/../lib/cucumber/ast/feature.rb:34:in `each'
/Users/borja_old/Documents/UnboxedConsulting/apps/extra_special_trust/vendor/gems/cucumber-0.9.0/bin/../lib/cucumber/ast/feature.rb:34:in `accept'
/Users/borja_old/Documents/UnboxedConsulting/apps/extra_special_trust/vendor/gems/cucumber-0.9.0/bin/../lib/cucumber/ast/tree_walker.rb:20:in `visit_feature'
/Users/borja_old/Documents/UnboxedConsulting/apps/extra_special_trust/vendor/gems/cucumber-0.9.0/bin/../lib/cucumber/ast/tree_walker.rb:164:in `broadcast'
/Users/borja_old/Documents/UnboxedConsulting/apps/extra_special_trust/vendor/gems/cucumber-0.9.0/bin/../lib/cucumber/ast/tree_walker.rb:19:in `visit_feature'
/Users/borja_old/Documents/UnboxedConsulting/apps/extra_special_trust/vendor/gems/cucumber-0.9.0/bin/../lib/cucumber/ast/features.rb:29:in `accept'
/Users/borja_old/Documents/UnboxedConsulting/apps/extra_special_trust/vendor/gems/cucumber-0.9.0/bin/../lib/cucumber/ast/features.rb:17:in `each'
/Users/borja_old/Documents/UnboxedConsulting/apps/extra_special_trust/vendor/gems/cucumber-0.9.0/bin/../lib/cucumber/ast/features.rb:17:in `each'
/Users/borja_old/Documents/UnboxedConsulting/apps/extra_special_trust/vendor/gems/cucumber-0.9.0/bin/../lib/cucumber/ast/features.rb:28:in `accept'
/Users/borja_old/Documents/UnboxedConsulting/apps/extra_special_trust/vendor/gems/cucumber-0.9.0/bin/../lib/cucumber/ast/tree_walker.rb:14:in `visit_features'
/Users/borja_old/Documents/UnboxedConsulting/apps/extra_special_trust/vendor/gems/cucumber-0.9.0/bin/../lib/cucumber/ast/tree_walker.rb:164:in `broadcast'
/Users/borja_old/Documents/UnboxedConsulting/apps/extra_special_trust/vendor/gems/cucumber-0.9.0/bin/../lib/cucumber/ast/tree_walker.rb:13:in `visit_features'
/Users/borja_old/Documents/UnboxedConsulting/apps/extra_special_trust/vendor/gems/cucumber-0.9.0/bin/../lib/cucumber/runtime.rb:32:in `run!'
/Users/borja_old/Documents/UnboxedConsulting/apps/extra_special_trust/vendor/gems/cucumber-0.9.0/bin/../lib/cucumber/cli/main.rb:54:in `execute!'
/Users/borja_old/Documents/UnboxedConsulting/apps/extra_special_trust/vendor/gems/cucumber-0.9.0/bin/../lib/cucumber/cli/main.rb:29:in `execute'
/Users/borja_old/Documents/UnboxedConsulting/apps/extra_special_trust/vendor/gems/cucumber-0.9.0/bin/cucumber:8
script/cucumber:5:in `load'
script/cucumber:5


Processing ApplicationController#index (for 127.0.0.1 at 2010-09-27 17:11:21) [GET]


Processing HomeController#index (for 127.0.0.1 at 2010-09-27 17:11:21) [GET]
Rendering template within layouts/application
Rendering home/index
ERROR: compiling _run_erb_app47views47layouts47_main_menu46html46erb_locals_main_menu_nav_id_object RAISED compile error
/Users/borja_old/Documents/UnboxedConsulting/apps/extra_special_trust/app/views/layouts/_main_menu.html.erb:3: unknown regexp option - l
/Users/borja_old/Documents/UnboxedConsulting/apps/extra_special_trust/app/views/layouts/_main_menu.html.erb:3: unterminated string meets end of file
/Users/borja_old/Documents/UnboxedConsulting/apps/extra_special_trust/app/views/layouts/_main_menu.html.erb:3: syntax error, unexpected $end, expecting ')'
Function body:           def _run_erb_app47views47layouts47_main_menu46html46erb_locals_main_menu_nav_id_object(local_assigns)
            old_output_buffer = output_buffer;nav_id = local_assigns[:nav_id];object = local_assigns[:object];main_menu = local_assigns[:main_menu];;@output_buffer = '';  __in_erb_template=true ; @output_buffer.concat "<ul class=\""; @output_buffer.concat(( nav_bar %">
  <li><%= link_to 'home', root_path ).to_s); @output_buffer.concat "</li>\n"
@output_buffer.concat "</ul>"; @output_buffer
          ensure
            self.output_buffer = old_output_buffer
          end
Backtrace: /Users/borja_old/Documents/UnboxedConsulting/apps/extra_special_trust/app/views/layouts/_main_menu.html.erb:3:in `compile!'
/Users/borja_old/Documents/UnboxedConsulting/apps/extra_special_trust/vendor/rails/actionpack/lib/action_view/renderable.rb:61:in `compile'
/Users/borja_old/Documents/UnboxedConsulting/apps/extra_special_trust/vendor/rails/actionpack/lib/action_view/renderable.rb:28:in `render_without_template_tracking'
/Users/borja_old/Documents/UnboxedConsulting/apps/extra_special_trust/vendor/rails/actionpack/lib/action_view/test_case.rb:20:in `render'
/Users/borja_old/Documents/UnboxedConsulting/apps/extra_special_trust/vendor/rails/actionpack/lib/action_view/renderable_partial.rb:20:in `render'
/Users/borja_old/Documents/UnboxedConsulting/apps/extra_special_trust/vendor/rails/actionpack/lib/action_controller/benchmarking.rb:26:in `benchmark'
/Users/borja_old/Documents/UnboxedConsulting/apps/extra_special_trust/vendor/rails/activesupport/lib/active_support/core_ext/benchmark.rb:17:in `ms'
/Users/borja_old/Documents/UnboxedConsulting/apps/extra_special_trust/vendor/rails/activesupport/lib/active_support/core_ext/benchmark.rb:10:in `realtime'
/Users/borja_old/Documents/UnboxedConsulting/apps/extra_special_trust/vendor/rails/activesupport/lib/active_support/core_ext/benchmark.rb:17:in `ms'
/Users/borja_old/Documents/UnboxedConsulting/apps/extra_special_trust/vendor/rails/actionpack/lib/action_controller/benchmarking.rb:26:in `benchmark'
/Users/borja_old/Documents/UnboxedConsulting/apps/extra_special_trust/vendor/rails/actionpack/lib/action_view/renderable_partial.rb:19:in `render'
/Users/borja_old/Documents/UnboxedConsulting/apps/extra_special_trust/vendor/rails/actionpack/lib/action_view/template.rb:205:in `render_template'
/Users/borja_old/Documents/UnboxedConsulting/apps/extra_special_trust/vendor/rails/actionpack/lib/action_view/renderable_partial.rb:44:in `render_partial'
/Users/borja_old/Documents/UnboxedConsulting/apps/extra_special_trust/vendor/rails/actionpack/lib/action_view/partials.rb:184:in `render_partial'
/Users/borja_old/Documents/UnboxedConsulting/apps/extra_special_trust/vendor/rails/actionpack/lib/action_view/base.rb:267:in `render'
/Users/borja_old/Documents/UnboxedConsulting/apps/extra_special_trust/app/views/layouts/application.html.erb:16:in `_run_erb_app47views47layouts47application46html46erb'
/Users/borja_old/Documents/UnboxedConsulting/apps/extra_special_trust/vendor/rails/actionpack/lib/action_view/renderable.rb:34:in `send'
/Users/borja_old/Documents/UnboxedConsulting/apps/extra_special_trust/vendor/rails/actionpack/lib/action_view/renderable.rb:34:in `render_without_template_tracking'
/Users/borja_old/Documents/UnboxedConsulting/apps/extra_special_trust/vendor/rails/actionpack/lib/action_view/base.rb:306:in `with_template'
/Users/borja_old/Documents/UnboxedConsulting/apps/extra_special_trust/vendor/rails/actionpack/lib/action_view/renderable.rb:30:in `render_without_template_tracking'
/Users/borja_old/Documents/UnboxedConsulting/apps/extra_special_trust/vendor/rails/actionpack/lib/action_view/test_case.rb:20:in `render'
/Users/borja_old/Documents/UnboxedConsulting/apps/extra_special_trust/vendor/rails/actionpack/lib/action_view/template.rb:205:in `render_template'
/Users/borja_old/Documents/UnboxedConsulting/apps/extra_special_trust/vendor/rails/actionpack/lib/action_view/base.rb:265:in `render'
/Users/borja_old/Documents/UnboxedConsulting/apps/extra_special_trust/vendor/rails/actionpack/lib/action_view/base.rb:352:in `_render_with_layout'
/Users/borja_old/Documents/UnboxedConsulting/apps/extra_special_trust/vendor/rails/actionpack/lib/action_view/base.rb:262:in `render'
/Users/borja_old/Documents/UnboxedConsulting/apps/extra_special_trust/vendor/rails/actionpack/lib/action_controller/base.rb:1250:in `render_for_file'
/Users/borja_old/Documents/UnboxedConsulting/apps/extra_special_trust/vendor/rails/actionpack/lib/action_controller/base.rb:936:in `render_without_benchmark'
/Users/borja_old/Documents/UnboxedConsulting/apps/extra_special_trust/vendor/rails/actionpack/lib/action_controller/benchmarking.rb:51:in `render'
/Users/borja_old/Documents/UnboxedConsulting/apps/extra_special_trust/vendor/rails/activesupport/lib/active_support/core_ext/benchmark.rb:17:in `ms'
/Users/borja_old/Documents/UnboxedConsulting/apps/extra_special_trust/vendor/rails/activesupport/lib/active_support/core_ext/benchmark.rb:10:in `realtime'
/Users/borja_old/Documents/UnboxedConsulting/apps/extra_special_trust/vendor/rails/activesupport/lib/active_support/core_ext/benchmark.rb:17:in `ms'
/Users/borja_old/Documents/UnboxedConsulting/apps/extra_special_trust/vendor/rails/actionpack/lib/action_controller/benchmarking.rb:51:in `render'
/Users/borja_old/Documents/UnboxedConsulting/apps/extra_special_trust/vendor/rails/actionpack/lib/action_controller/base.rb:1326:in `default_render'
/Users/borja_old/Documents/UnboxedConsulting/apps/extra_special_trust/vendor/rails/actionpack/lib/action_controller/base.rb:1332:in `perform_action_without_filters'
/Users/borja_old/Documents/UnboxedConsulting/apps/extra_special_trust/vendor/rails/actionpack/lib/action_controller/filters.rb:617:in `call_filters'
/Users/borja_old/Documents/UnboxedConsulting/apps/extra_special_trust/vendor/rails/actionpack/lib/action_controller/filters.rb:610:in `perform_action_without_benchmark'
/Users/borja_old/Documents/UnboxedConsulting/apps/extra_special_trust/vendor/rails/actionpack/lib/action_controller/benchmarking.rb:68:in `perform_action_without_rescue'
/Users/borja_old/Documents/UnboxedConsulting/apps/extra_special_trust/vendor/rails/activesupport/lib/active_support/core_ext/benchmark.rb:17:in `ms'
/Users/borja_old/Documents/UnboxedConsulting/apps/extra_special_trust/vendor/rails/activesupport/lib/active_support/core_ext/benchmark.rb:10:in `realtime'
/Users/borja_old/Documents/UnboxedConsulting/apps/extra_special_trust/vendor/rails/activesupport/lib/active_support/core_ext/benchmark.rb:17:in `ms'
/Users/borja_old/Documents/UnboxedConsulting/apps/extra_special_trust/vendor/rails/actionpack/lib/action_controller/benchmarking.rb:68:in `perform_action_without_rescue'
/Users/borja_old/Documents/UnboxedConsulting/apps/extra_special_trust/vendor/rails/actionpack/lib/action_controller/rescue.rb:160:in `perform_action_without_flash'
/Users/borja_old/Documents/UnboxedConsulting/apps/extra_special_trust/vendor/rails/actionpack/lib/action_controller/flash.rb:151:in `perform_action'
/Users/borja_old/Documents/UnboxedConsulting/apps/extra_special_trust/vendor/rails/actionpack/lib/action_controller/base.rb:532:in `send'
/Users/borja_old/Documents/UnboxedConsulting/apps/extra_special_trust/vendor/rails/actionpack/lib/action_controller/base.rb:532:in `process_without_filters'
/Users/borja_old/Documents/UnboxedConsulting/apps/extra_special_trust/vendor/rails/actionpack/lib/action_controller/filters.rb:606:in `process'
/Users/borja_old/Documents/UnboxedConsulting/apps/extra_special_trust/vendor/rails/actionpack/lib/action_controller/base.rb:391:in `process'
/Users/borja_old/Documents/UnboxedConsulting/apps/extra_special_trust/vendor/rails/actionpack/lib/action_controller/base.rb:386:in `call'
/Users/borja_old/Documents/UnboxedConsulting/apps/extra_special_trust/vendor/rails/actionpack/lib/action_controller/routing/route_set.rb:438:in `call'
/Users/borja_old/Documents/UnboxedConsulting/apps/extra_special_trust/vendor/rails/actionpack/lib/action_controller/dispatcher.rb:87:in `dispatch'
/Users/borja_old/Documents/UnboxedConsulting/apps/extra_special_trust/vendor/rails/actionpack/lib/action_controller/dispatcher.rb:121:in `_call'
/Users/borja_old/Documents/UnboxedConsulting/apps/extra_special_trust/vendor/rails/actionpack/lib/action_controller/dispatcher.rb:130:in `build_middleware_stack'
/Users/borja_old/Documents/UnboxedConsulting/apps/extra_special_trust/vendor/rails/activerecord/lib/active_record/query_cache.rb:29:in `call'
/Users/borja_old/Documents/UnboxedConsulting/apps/extra_special_trust/vendor/rails/activerecord/lib/active_record/query_cache.rb:29:in `call'
/Users/borja_old/Documents/UnboxedConsulting/apps/extra_special_trust/vendor/rails/activerecord/lib/active_record/connection_adapters/abstract/query_cache.rb:34:in `cache'
/Users/borja_old/Documents/UnboxedConsulting/apps/extra_special_trust/vendor/rails/activerecord/lib/active_record/query_cache.rb:9:in `cache'
/Users/borja_old/Documents/UnboxedConsulting/apps/extra_special_trust/vendor/rails/activerecord/lib/active_record/query_cache.rb:28:in `call'
/Users/borja_old/Documents/UnboxedConsulting/apps/extra_special_trust/vendor/rails/activerecord/lib/active_record/connection_adapters/abstract/connection_pool.rb:361:in `call'
/Users/borja_old/Documents/UnboxedConsulting/apps/extra_special_trust/vendor/rails/actionpack/lib/action_controller/string_coercion.rb:25:in `call'
/Users/borja_old/Documents/UnboxedConsulting/apps/extra_special_trust/vendor/gems/rack-1.1.0/lib/rack/head.rb:9:in `call'
/Users/borja_old/Documents/UnboxedConsulting/apps/extra_special_trust/vendor/gems/rack-1.1.0/lib/rack/methodoverride.rb:24:in `call'
/Users/borja_old/Documents/UnboxedConsulting/apps/extra_special_trust/vendor/rails/actionpack/lib/action_controller/params_parser.rb:15:in `call'
/Users/borja_old/Documents/UnboxedConsulting/apps/extra_special_trust/vendor/rails/actionpack/lib/action_controller/session/cookie_store.rb:99:in `call'
/Users/borja_old/Documents/UnboxedConsulting/apps/extra_special_trust/vendor/rails/actionpack/lib/action_controller/failsafe.rb:26:in `call'
/Users/borja_old/Documents/UnboxedConsulting/apps/extra_special_trust/vendor/gems/rack-1.1.0/lib/rack/lock.rb:11:in `call'
/Users/borja_old/Documents/UnboxedConsulting/apps/extra_special_trust/vendor/gems/rack-1.1.0/lib/rack/lock.rb:11:in `synchronize'
/Users/borja_old/Documents/UnboxedConsulting/apps/extra_special_trust/vendor/gems/rack-1.1.0/lib/rack/lock.rb:11:in `call'
/Users/borja_old/Documents/UnboxedConsulting/apps/extra_special_trust/vendor/rails/actionpack/lib/action_controller/dispatcher.rb:106:in `call'
/Users/borja_old/Documents/UnboxedConsulting/apps/extra_special_trust/vendor/rails/railties/lib/rails/rack/static.rb:31:in `call'
/Users/borja_old/Documents/UnboxedConsulting/apps/extra_special_trust/vendor/gems/rack-1.1.0/lib/rack/urlmap.rb:47:in `call'
/Users/borja_old/Documents/UnboxedConsulting/apps/extra_special_trust/vendor/gems/rack-1.1.0/lib/rack/urlmap.rb:41:in `each'
/Users/borja_old/Documents/UnboxedConsulting/apps/extra_special_trust/vendor/gems/rack-1.1.0/lib/rack/urlmap.rb:41:in `call'
/Users/borja_old/.rvm/gems/ruby-1.8.6-p399/gems/rack-test-0.5.6/lib/rack/mock_session.rb:30:in `request'
/Users/borja_old/.rvm/gems/ruby-1.8.6-p399/gems/rack-test-0.5.6/lib/rack/test.rb:209:in `process_request'
/Users/borja_old/.rvm/gems/ruby-1.8.6-p399/gems/rack-test-0.5.6/lib/rack/test.rb:57:in `get'
(__FORWARDABLE__):3:in `__send__'
(__FORWARDABLE__):3:in `get'
/Users/borja_old/Documents/UnboxedConsulting/apps/extra_special_trust/vendor/gems/capybara-0.3.9/lib/capybara/driver/rack_test_driver.rb:242:in `get'
/Users/borja_old/Documents/UnboxedConsulting/apps/extra_special_trust/vendor/gems/capybara-0.3.9/lib/capybara/driver/rack_test_driver.rb:203:in `send'
/Users/borja_old/Documents/UnboxedConsulting/apps/extra_special_trust/vendor/gems/capybara-0.3.9/lib/capybara/driver/rack_test_driver.rb:203:in `process'
/Users/borja_old/Documents/UnboxedConsulting/apps/extra_special_trust/vendor/gems/capybara-0.3.9/lib/capybara/driver/rack_test_driver.rb:198:in `visit'
(__FORWARDABLE__):3:in `__send__'
(__FORWARDABLE__):3:in `visit'
/Users/borja_old/Documents/UnboxedConsulting/apps/extra_special_trust/vendor/gems/capybara-0.3.9/lib/capybara/dsl.rb:55:in `visit'
/Users/borja_old/Documents/UnboxedConsulting/apps/extra_special_trust/features/step_definitions/web_steps.rb:24:in `__instance_exec0'
/Users/borja_old/Documents/UnboxedConsulting/apps/extra_special_trust/vendor/gems/cucumber-0.9.0/bin/../lib/cucumber/core_ext/instance_exec.rb:26:in `send'
/Users/borja_old/Documents/UnboxedConsulting/apps/extra_special_trust/vendor/gems/cucumber-0.9.0/bin/../lib/cucumber/core_ext/instance_exec.rb:26:in `instance_exec'
/Users/borja_old/Documents/UnboxedConsulting/apps/extra_special_trust/vendor/gems/cucumber-0.9.0/bin/../lib/cucumber/core_ext/instance_exec.rb:48:in `cucumber_instance_exec'
/Users/borja_old/Documents/UnboxedConsulting/apps/extra_special_trust/vendor/gems/cucumber-0.9.0/bin/../lib/cucumber/core_ext/instance_exec.rb:69:in `cucumber_run_with_backtrace_filtering'
/Users/borja_old/Documents/UnboxedConsulting/apps/extra_special_trust/vendor/gems/cucumber-0.9.0/bin/../lib/cucumber/core_ext/instance_exec.rb:36:in `cucumber_instance_exec'
/Users/borja_old/Documents/UnboxedConsulting/apps/extra_special_trust/vendor/gems/cucumber-0.9.0/bin/../lib/cucumber/rb_support/rb_step_definition.rb:54:in `invoke'
/Users/borja_old/Documents/UnboxedConsulting/apps/extra_special_trust/vendor/gems/cucumber-0.9.0/bin/../lib/cucumber/step_match.rb:26:in `invoke'
/Users/borja_old/Documents/UnboxedConsulting/apps/extra_special_trust/vendor/gems/cucumber-0.9.0/bin/../lib/cucumber/ast/step_invocation.rb:63:in `invoke'
/Users/borja_old/Documents/UnboxedConsulting/apps/extra_special_trust/vendor/gems/cucumber-0.9.0/bin/../lib/cucumber/ast/step_invocation.rb:42:in `accept'
/Users/borja_old/Documents/UnboxedConsulting/apps/extra_special_trust/vendor/gems/cucumber-0.9.0/bin/../lib/cucumber/ast/tree_walker.rb:99:in `visit_step'
/Users/borja_old/Documents/UnboxedConsulting/apps/extra_special_trust/vendor/gems/cucumber-0.9.0/bin/../lib/cucumber/ast/tree_walker.rb:164:in `broadcast'
/Users/borja_old/Documents/UnboxedConsulting/apps/extra_special_trust/vendor/gems/cucumber-0.9.0/bin/../lib/cucumber/ast/tree_walker.rb:98:in `visit_step'
/Users/borja_old/Documents/UnboxedConsulting/apps/extra_special_trust/vendor/gems/cucumber-0.9.0/bin/../lib/cucumber/ast/step_collection.rb:15:in `accept'
/Users/borja_old/Documents/UnboxedConsulting/apps/extra_special_trust/vendor/gems/cucumber-0.9.0/bin/../lib/cucumber/ast/step_collection.rb:14:in `each'
/Users/borja_old/Documents/UnboxedConsulting/apps/extra_special_trust/vendor/gems/cucumber-0.9.0/bin/../lib/cucumber/ast/step_collection.rb:14:in `accept'
/Users/borja_old/Documents/UnboxedConsulting/apps/extra_special_trust/vendor/gems/cucumber-0.9.0/bin/../lib/cucumber/ast/tree_walker.rb:93:in `visit_steps'
/Users/borja_old/Documents/UnboxedConsulting/apps/extra_special_trust/vendor/gems/cucumber-0.9.0/bin/../lib/cucumber/ast/tree_walker.rb:164:in `broadcast'
/Users/borja_old/Documents/UnboxedConsulting/apps/extra_special_trust/vendor/gems/cucumber-0.9.0/bin/../lib/cucumber/ast/tree_walker.rb:92:in `visit_steps'
/Users/borja_old/Documents/UnboxedConsulting/apps/extra_special_trust/vendor/gems/cucumber-0.9.0/bin/../lib/cucumber/ast/scenario.rb:53:in `accept'
/Users/borja_old/Documents/UnboxedConsulting/apps/extra_special_trust/vendor/gems/cucumber-0.9.0/bin/../lib/cucumber/runtime.rb:126:in `with_hooks'
/Users/borja_old/Documents/UnboxedConsulting/apps/extra_special_trust/vendor/gems/cucumber-0.9.0/bin/../lib/cucumber/runtime.rb:142:in `before_and_after'
/Users/borja_old/Documents/UnboxedConsulting/apps/extra_special_trust/vendor/gems/cucumber-0.9.0/bin/../lib/cucumber/runtime.rb:125:in `with_hooks'
/Users/borja_old/Documents/UnboxedConsulting/apps/extra_special_trust/vendor/gems/cucumber-0.9.0/bin/../lib/cucumber/runtime/support_code.rb:93:in `call'
/Users/borja_old/Documents/UnboxedConsulting/apps/extra_special_trust/vendor/gems/cucumber-0.9.0/bin/../lib/cucumber/runtime/support_code.rb:93:in `around'
/Users/borja_old/Documents/UnboxedConsulting/apps/extra_special_trust/vendor/gems/cucumber-0.9.0/bin/../lib/cucumber/language_support/language_methods.rb:13:in `around'
/Users/borja_old/Documents/UnboxedConsulting/apps/extra_special_trust/vendor/gems/cucumber-0.9.0/bin/../lib/cucumber/language_support/language_methods.rb:95:in `call'
/Users/borja_old/Documents/UnboxedConsulting/apps/extra_special_trust/vendor/gems/cucumber-0.9.0/bin/../lib/cucumber/language_support/language_methods.rb:95:in `execute_around'
/Users/borja_old/Documents/UnboxedConsulting/apps/extra_special_trust/vendor/gems/cucumber-0.9.0/bin/../lib/cucumber/language_support/language_methods.rb:12:in `around'
/Users/borja_old/Documents/UnboxedConsulting/apps/extra_special_trust/vendor/gems/cucumber-0.9.0/bin/../lib/cucumber/runtime/support_code.rb:92:in `around'
/Users/borja_old/Documents/UnboxedConsulting/apps/extra_special_trust/vendor/gems/cucumber-0.9.0/bin/../lib/cucumber/runtime/support_code.rb:90:in `call'
/Users/borja_old/Documents/UnboxedConsulting/apps/extra_special_trust/vendor/gems/cucumber-0.9.0/bin/../lib/cucumber/runtime/support_code.rb:90:in `around'
/Users/borja_old/Documents/UnboxedConsulting/apps/extra_special_trust/vendor/gems/cucumber-0.9.0/bin/../lib/cucumber/runtime.rb:137:in `around'
/Users/borja_old/Documents/UnboxedConsulting/apps/extra_special_trust/vendor/gems/cucumber-0.9.0/bin/../lib/cucumber/runtime.rb:124:in `with_hooks'
/Users/borja_old/Documents/UnboxedConsulting/apps/extra_special_trust/vendor/gems/cucumber-0.9.0/bin/../lib/cucumber/ast/scenario.rb:51:in `accept'
/Users/borja_old/Documents/UnboxedConsulting/apps/extra_special_trust/vendor/gems/cucumber-0.9.0/bin/../lib/cucumber/ast/scenario.rb:106:in `with_visitor'
/Users/borja_old/Documents/UnboxedConsulting/apps/extra_special_trust/vendor/gems/cucumber-0.9.0/bin/../lib/cucumber/ast/scenario.rb:45:in `accept'
/Users/borja_old/Documents/UnboxedConsulting/apps/extra_special_trust/vendor/gems/cucumber-0.9.0/bin/../lib/cucumber/ast/tree_walker.rb:51:in `visit_feature_element'
/Users/borja_old/Documents/UnboxedConsulting/apps/extra_special_trust/vendor/gems/cucumber-0.9.0/bin/../lib/cucumber/ast/tree_walker.rb:164:in `broadcast'
/Users/borja_old/Documents/UnboxedConsulting/apps/extra_special_trust/vendor/gems/cucumber-0.9.0/bin/../lib/cucumber/ast/tree_walker.rb:50:in `visit_feature_element'
/Users/borja_old/Documents/UnboxedConsulting/apps/extra_special_trust/vendor/gems/cucumber-0.9.0/bin/../lib/cucumber/ast/feature.rb:35:in `accept'
/Users/borja_old/Documents/UnboxedConsulting/apps/extra_special_trust/vendor/gems/cucumber-0.9.0/bin/../lib/cucumber/ast/feature.rb:34:in `each'
/Users/borja_old/Documents/UnboxedConsulting/apps/extra_special_trust/vendor/gems/cucumber-0.9.0/bin/../lib/cucumber/ast/feature.rb:34:in `accept'
/Users/borja_old/Documents/UnboxedConsulting/apps/extra_special_trust/vendor/gems/cucumber-0.9.0/bin/../lib/cucumber/ast/tree_walker.rb:20:in `visit_feature'
/Users/borja_old/Documents/UnboxedConsulting/apps/extra_special_trust/vendor/gems/cucumber-0.9.0/bin/../lib/cucumber/ast/tree_walker.rb:164:in `broadcast'
/Users/borja_old/Documents/UnboxedConsulting/apps/extra_special_trust/vendor/gems/cucumber-0.9.0/bin/../lib/cucumber/ast/tree_walker.rb:19:in `visit_feature'
/Users/borja_old/Documents/UnboxedConsulting/apps/extra_special_trust/vendor/gems/cucumber-0.9.0/bin/../lib/cucumber/ast/features.rb:29:in `accept'
/Users/borja_old/Documents/UnboxedConsulting/apps/extra_special_trust/vendor/gems/cucumber-0.9.0/bin/../lib/cucumber/ast/features.rb:17:in `each'
/Users/borja_old/Documents/UnboxedConsulting/apps/extra_special_trust/vendor/gems/cucumber-0.9.0/bin/../lib/cucumber/ast/features.rb:17:in `each'
/Users/borja_old/Documents/UnboxedConsulting/apps/extra_special_trust/vendor/gems/cucumber-0.9.0/bin/../lib/cucumber/ast/features.rb:28:in `accept'
/Users/borja_old/Documents/UnboxedConsulting/apps/extra_special_trust/vendor/gems/cucumber-0.9.0/bin/../lib/cucumber/ast/tree_walker.rb:14:in `visit_features'
/Users/borja_old/Documents/UnboxedConsulting/apps/extra_special_trust/vendor/gems/cucumber-0.9.0/bin/../lib/cucumber/ast/tree_walker.rb:164:in `broadcast'
/Users/borja_old/Documents/UnboxedConsulting/apps/extra_special_trust/vendor/gems/cucumber-0.9.0/bin/../lib/cucumber/ast/tree_walker.rb:13:in `visit_features'
/Users/borja_old/Documents/UnboxedConsulting/apps/extra_special_trust/vendor/gems/cucumber-0.9.0/bin/../lib/cucumber/runtime.rb:32:in `run!'
/Users/borja_old/Documents/UnboxedConsulting/apps/extra_special_trust/vendor/gems/cucumber-0.9.0/bin/../lib/cucumber/cli/main.rb:54:in `execute!'
/Users/borja_old/Documents/UnboxedConsulting/apps/extra_special_trust/vendor/gems/cucumber-0.9.0/bin/../lib/cucumber/cli/main.rb:29:in `execute'
/Users/borja_old/Documents/UnboxedConsulting/apps/extra_special_trust/vendor/gems/cucumber-0.9.0/bin/cucumber:8
script/cucumber:5:in `load'
script/cucumber:5


Processing ApplicationController#index (for 127.0.0.1 at 2010-09-27 17:11:21) [GET]


Processing HomeController#index (for 127.0.0.1 at 2010-09-27 17:11:53) [GET]
Rendering template within layouts/application
Rendering home/index


Processing ApplicationController#index (for 127.0.0.1 at 2010-09-27 17:11:54) [GET]


Processing HomeController#index (for 127.0.0.1 at 2010-09-27 17:11:54) [GET]
Rendering template within layouts/application
Rendering home/index


Processing ApplicationController#index (for 127.0.0.1 at 2010-09-27 17:11:54) [GET]


Processing HomeController#index (for 127.0.0.1 at 2010-09-27 17:12:33) [GET]
Rendering template within layouts/application
Rendering home/index
Rendered layouts/_main_menu (0.4ms)
Rendered layouts/_main_menu (0.1ms)
Completed in 5ms (View: 3, DB: 0) | 200 OK [http://www.example.com/]


Processing HomeController#index (for 127.0.0.1 at 2010-09-27 17:12:33) [GET]
Rendering template within layouts/application
Rendering home/index
Rendered layouts/_main_menu (0.1ms)
Rendered layouts/_main_menu (0.1ms)
Completed in 1ms (View: 1, DB: 0) | 200 OK [http://www.example.com/]


Processing HomeController#index (for 127.0.0.1 at 2010-09-27 17:13:38) [GET]
Rendering template within layouts/application
Rendering home/index
Rendered layouts/_main_menu (0.4ms)
Rendered layouts/_main_menu (0.1ms)
Completed in 5ms (View: 3, DB: 0) | 200 OK [http://www.example.com/]


Processing HomeController#index (for 127.0.0.1 at 2010-09-27 17:13:38) [GET]
Rendering template within layouts/application
Rendering home/index
Rendered layouts/_main_menu (0.1ms)
Rendered layouts/_main_menu (0.1ms)
Completed in 1ms (View: 1, DB: 0) | 200 OK [http://www.example.com/]


Processing HomeController#index (for 127.0.0.1 at 2010-09-27 17:14:01) [GET]
Rendering template within layouts/application
Rendering home/index
Rendered layouts/_main_menu (0.4ms)
Rendered layouts/_main_menu (0.1ms)
Completed in 5ms (View: 3, DB: 0) | 200 OK [http://www.example.com/]


Processing HomeController#index (for 127.0.0.1 at 2010-09-27 17:14:01) [GET]
Rendering template within layouts/application
Rendering home/index
Rendered layouts/_main_menu (0.1ms)
Rendered layouts/_main_menu (0.1ms)
Completed in 2ms (View: 1, DB: 0) | 200 OK [http://www.example.com/]


Processing HomeController#index (for 127.0.0.1 at 2010-09-27 17:22:07) [GET]
Rendering template within layouts/application
Rendering home/index
Rendered layouts/_main_menu (0.4ms)
Rendered layouts/_main_menu (0.1ms)
Completed in 5ms (View: 4, DB: 0) | 200 OK [http://www.example.com/]


Processing HomeController#index (for 127.0.0.1 at 2010-09-27 17:22:07) [GET]
Rendering template within layouts/application
Rendering home/index
Rendered layouts/_main_menu (0.1ms)
Rendered layouts/_main_menu (0.1ms)
Completed in 1ms (View: 1, DB: 0) | 200 OK [http://www.example.com/]


Processing HomeController#index (for 127.0.0.1 at 2010-09-27 17:24:12) [GET]
Rendering template within layouts/application
Rendering home/index
Rendered layouts/_main_menu (0.4ms)
Rendered layouts/_main_menu (0.1ms)
Completed in 5ms (View: 3, DB: 0) | 200 OK [http://www.example.com/]


Processing HomeController#index (for 127.0.0.1 at 2010-09-27 17:24:12) [GET]
Rendering template within layouts/application
Rendering home/index
Rendered layouts/_main_menu (0.1ms)
Rendered layouts/_main_menu (0.1ms)
Completed in 1ms (View: 1, DB: 0) | 200 OK [http://www.example.com/]


Processing HomeController#index (for 127.0.0.1 at 2010-09-27 17:24:30) [GET]
Rendering template within layouts/application
Rendering home/index
Rendered layouts/_main_menu (0.4ms)
Rendered layouts/_main_menu (0.1ms)
Completed in 5ms (View: 3, DB: 0) | 200 OK [http://www.example.com/]


Processing HomeController#index (for 127.0.0.1 at 2010-09-27 17:24:30) [GET]
Rendering template within layouts/application
Rendering home/index
Rendered layouts/_main_menu (0.1ms)
Rendered layouts/_main_menu (0.1ms)
Completed in 1ms (View: 1, DB: 0) | 200 OK [http://www.example.com/]


Processing HomeController#index (for 127.0.0.1 at 2010-09-27 17:25:08) [GET]
Rendering template within layouts/application
Rendering home/index
Rendered layouts/_main_menu (0.4ms)
Rendered layouts/_main_menu (0.1ms)
Completed in 5ms (View: 3, DB: 0) | 200 OK [http://www.example.com/]


Processing HomeController#index (for 127.0.0.1 at 2010-09-27 17:25:08) [GET]
Rendering template within layouts/application
Rendering home/index
Rendered layouts/_main_menu (0.1ms)
Rendered layouts/_main_menu (0.1ms)
Completed in 1ms (View: 1, DB: 0) | 200 OK [http://www.example.com/]


Processing HomeController#index (for 127.0.0.1 at 2010-09-27 17:25:32) [GET]
Rendering template within layouts/application
Rendering home/index
Rendered layouts/_main_menu (0.4ms)
Rendered layouts/_main_menu (0.1ms)
Completed in 5ms (View: 3, DB: 0) | 200 OK [http://www.example.com/]


Processing HomeController#index (for 127.0.0.1 at 2010-09-27 17:25:32) [GET]
Rendering template within layouts/application
Rendering home/index
Rendered layouts/_main_menu (0.1ms)
Rendered layouts/_main_menu (0.1ms)
Completed in 1ms (View: 1, DB: 0) | 200 OK [http://www.example.com/]


Processing HomeController#index (for 127.0.0.1 at 2010-09-27 17:25:46) [GET]
Rendering template within layouts/application
Rendering home/index
Rendered layouts/_main_menu (0.4ms)
Rendered layouts/_main_menu (0.1ms)
Completed in 5ms (View: 4, DB: 0) | 200 OK [http://www.example.com/]


Processing HomeController#index (for 127.0.0.1 at 2010-09-27 17:25:46) [GET]
Rendering template within layouts/application
Rendering home/index
Rendered layouts/_main_menu (0.1ms)
Rendered layouts/_main_menu (0.1ms)
Completed in 1ms (View: 1, DB: 0) | 200 OK [http://www.example.com/]


Processing HomeController#index (for 127.0.0.1 at 2010-09-27 17:26:01) [GET]
Rendering template within layouts/application
Rendering home/index
Rendered layouts/_main_menu (0.4ms)
Rendered layouts/_main_menu (0.1ms)
Completed in 5ms (View: 3, DB: 0) | 200 OK [http://www.example.com/]


Processing HomeController#index (for 127.0.0.1 at 2010-09-27 17:26:01) [GET]
Rendering template within layouts/application
Rendering home/index
Rendered layouts/_main_menu (0.1ms)
Rendered layouts/_main_menu (0.1ms)
Completed in 1ms (View: 1, DB: 0) | 200 OK [http://www.example.com/]


Processing HomeController#index (for 127.0.0.1 at 2010-09-27 17:26:07) [GET]
Rendering template within layouts/application
Rendering home/index
Rendered layouts/_main_menu (0.4ms)
Rendered layouts/_main_menu (0.1ms)
Completed in 5ms (View: 3, DB: 0) | 200 OK [http://www.example.com/]


Processing HomeController#index (for 127.0.0.1 at 2010-09-27 17:26:07) [GET]
Rendering template within layouts/application
Rendering home/index
Rendered layouts/_main_menu (0.1ms)
Rendered layouts/_main_menu (0.1ms)
Completed in 1ms (View: 1, DB: 0) | 200 OK [http://www.example.com/]


Processing HomeController#index (for 127.0.0.1 at 2010-09-27 17:34:11) [GET]
Rendering template within layouts/application
Rendering home/index
Rendered layouts/_main_menu (1.0ms)
Rendered layouts/_main_menu (0.3ms)
Completed in 6ms (View: 4, DB: 0) | 200 OK [http://www.example.com/]


Processing HomeController#index (for 127.0.0.1 at 2010-09-27 17:34:11) [GET]
Rendering template within layouts/application
Rendering home/index
Rendered layouts/_main_menu (0.3ms)
Rendered layouts/_main_menu (0.3ms)
Completed in 2ms (View: 2, DB: 0) | 200 OK [http://www.example.com/]


Processing HomeController#index (for 127.0.0.1 at 2010-09-27 17:37:24) [GET]
Rendering template within layouts/application
Rendering home/index
Rendered layouts/_main_menu (1.0ms)
Rendered layouts/_main_menu (0.3ms)
Completed in 6ms (View: 4, DB: 0) | 200 OK [http://www.example.com/]


Processing HomeController#index (for 127.0.0.1 at 2010-09-27 17:37:24) [GET]
Rendering template within layouts/application
Rendering home/index
Rendered layouts/_main_menu (0.3ms)
Rendered layouts/_main_menu (0.3ms)
Completed in 2ms (View: 2, DB: 0) | 200 OK [http://www.example.com/]


Processing HomeController#index (for 127.0.0.1 at 2010-09-27 17:38:19) [GET]
Rendering template within layouts/application
Rendering home/index


Processing ApplicationController#index (for 127.0.0.1 at 2010-09-27 17:38:19) [GET]


Processing HomeController#index (for 127.0.0.1 at 2010-09-27 17:38:19) [GET]
Rendering template within layouts/application
Rendering home/index


Processing ApplicationController#index (for 127.0.0.1 at 2010-09-27 17:38:19) [GET]


Processing HomeController#index (for 127.0.0.1 at 2010-09-27 17:39:46) [GET]
Rendering template within layouts/application
Rendering home/index


Processing ApplicationController#index (for 127.0.0.1 at 2010-09-27 17:39:46) [GET]


Processing HomeController#index (for 127.0.0.1 at 2010-09-27 17:39:46) [GET]
Rendering template within layouts/application
Rendering home/index


Processing ApplicationController#index (for 127.0.0.1 at 2010-09-27 17:39:46) [GET]


Processing HomeController#index (for 127.0.0.1 at 2010-09-27 17:41:06) [GET]
Rendering template within layouts/application
Rendering home/index
Rendered layouts/_main_menu (1.1ms)
Rendered layouts/_main_menu (0.4ms)
Completed in 6ms (View: 4, DB: 0) | 200 OK [http://www.example.com/]


Processing HomeController#index (for 127.0.0.1 at 2010-09-27 17:41:06) [GET]
Rendering template within layouts/application
Rendering home/index
Rendered layouts/_main_menu (0.4ms)
Rendered layouts/_main_menu (0.4ms)
Completed in 2ms (View: 2, DB: 0) | 200 OK [http://www.example.com/]


Processing HomeController#index (for 127.0.0.1 at 2010-09-27 17:42:01) [GET]
Rendering template within layouts/application
Rendering home/index
Rendered layouts/_main_menu (1.1ms)
Rendered layouts/_main_menu (0.4ms)
Completed in 6ms (View: 4, DB: 0) | 200 OK [http://www.example.com/]


Processing HomeController#index (for 127.0.0.1 at 2010-09-27 17:42:01) [GET]
Rendering template within layouts/application
Rendering home/index
Rendered layouts/_main_menu (0.4ms)
Rendered layouts/_main_menu (0.4ms)
Completed in 2ms (View: 2, DB: 0) | 200 OK [http://www.example.com/]


Processing HomeController#index (for 127.0.0.1 at 2010-09-27 17:43:05) [GET]
Rendering template within layouts/application
Rendering home/index
Rendered layouts/_main_menu (1.1ms)
Rendered layouts/_main_menu (0.4ms)
Completed in 6ms (View: 4, DB: 0) | 200 OK [http://www.example.com/]


Processing HomeController#index (for 127.0.0.1 at 2010-09-27 17:43:05) [GET]
Rendering template within layouts/application
Rendering home/index
Rendered layouts/_main_menu (0.5ms)
Rendered layouts/_main_menu (0.4ms)
Completed in 2ms (View: 2, DB: 0) | 200 OK [http://www.example.com/]


Processing HomeController#index (for 127.0.0.1 at 2010-09-27 17:44:06) [GET]
Rendering template within layouts/application
Rendering home/index
Rendered layouts/_main_menu (1.1ms)
Rendered layouts/_main_menu (0.4ms)
Completed in 6ms (View: 4, DB: 0) | 200 OK [http://www.example.com/]


Processing HomeController#index (for 127.0.0.1 at 2010-09-27 17:44:07) [GET]
Rendering template within layouts/application
Rendering home/index
Rendered layouts/_main_menu (0.4ms)
Rendered layouts/_main_menu (0.4ms)
Completed in 2ms (View: 2, DB: 0) | 200 OK [http://www.example.com/]
